
> mobile-garage-door@1.0.0 dev
> next dev

âš  Port 3000 is in use by an unknown process, using available port 3001 instead.
â–² Next.js 16.1.1 (Turbopack)
- Local:         http://localhost:3001
- Network:       http://192.168.0.2:3001

âœ“ Starting...
âœ“ Ready in 1645ms

thread 'tokio-runtime-worker' (50796) panicked at turbopack/crates/turbo-persistence/src/static_sorted_file.rs:387:51:
range start index 636121 out of range for slice of length 636085
note: run with `RUST_BACKTRACE=1` environment variable to display a backtrace

-----
[1m[31mFATAL[39m[0m: An unexpected Turbopack error occurred. A panic log has been written to /tmp/next-panic-66e1425a643a4a397f5c431ecf71de3d.log.

To help make Turbopack better, report this error by clicking here: https://github.com/vercel/next.js/discussions/new?category=turbopack-error-report&title=Turbopack%20Error%3A%20range%20start%20index%20636121%20out%20of%20range%20for%20slice%20of%20length%20636085&body=Turbopack%20version%3A%20%60d1bd5b58%60%0ANext.js%20version%3A%20%600.0.0%60%0A%0AError%20message%3A%0A%60%60%60%0ATurbopack%20Error%3A%20range%20start%20index%20636121%20out%20of%20range%20for%20slice%20of%20length%20636085%0A%60%60%60&labels=Turbopack,Turbopack%20Panic%20Backtrace
-----


thread 'tokio-runtime-worker' (50797) panicked at turbopack/crates/turbo-persistence/src/static_sorted_file.rs:411:46:
range start index 1094838272 out of range for slice of length 706587

thread 'tokio-runtime-worker' (51464) panicked at turbopack/crates/turbo-persistence/src/static_sorted_file.rs:411:46:
range start index 1094838272 out of range for slice of length 706587
â—‹ Compiling /_error ...
